Arguments: 
  /usr/local/bin/node /usr/local/bin/yarn start

PATH: 
  /usr/local/bin:/usr/bin:/bin:/usr/sbin:/sbin:/Library/Apple/usr/bin

Yarn version: 
  1.22.5

Node version: 
  14.13.0

Platform: 
  darwin x64

Trace: 
  SyntaxError: /Users/jaewon/Desktop/ecommerce_vanila/frontend/package.json: Unexpected token } in JSON at position 457
      at JSON.parse (<anonymous>)
      at /usr/local/lib/node_modules/yarn/lib/cli.js:1625:59
      at Generator.next (<anonymous>)
      at step (/usr/local/lib/node_modules/yarn/lib/cli.js:310:30)
      at /usr/local/lib/node_modules/yarn/lib/cli.js:321:13

npm manifest: 
  {
    "name": "frontend",
    "version": "1.0.0",
    "description": "Vanila Js web",
    "main": "index.js",
    "dependencies": {
      "axios": "^0.21.0"
    },
    "devDependencies": {
      "webpack": "^4.43.0",
      "webpack-cli": "^3.3.12",
      "webpack-dev-server": "^3.11.0"
    },
    "scripts": {
      "start": "webpack-dev-server --watch-content-base --open",
      "test": "echo \"Error: no test specified\" && exit 1"
    },
    "author": "Jaewon Kim",
    "license": "ISC",
  },

yarn manifest: 
  No manifest

Lockfile: 
  No lockfile
